03-08 14:36:06 com_github_MitjaNemec_PlaceFootprints.action_place_footprints 674:Plugin executed on: 'win32'
03-08 14:36:06 com_github_MitjaNemec_PlaceFootprints.action_place_footprints 675:Plugin executed with python version: '3.11.5 (main, Nov  6 2025, 07:48:09) [MSC v.1944 64 bit (AMD64)]'
03-08 14:36:06 com_github_MitjaNemec_PlaceFootprints.action_place_footprints 676:KiCad build version: 9.0.7
03-08 14:36:06 com_github_MitjaNemec_PlaceFootprints.action_place_footprints 677:Plugin version: 4.0.1
03-08 14:36:06 com_github_MitjaNemec_PlaceFootprints.action_place_footprints 678:Frame repr: <wx._core.Frame object at 0x00000235367692D0>
03-08 14:36:06 com_github_MitjaNemec_PlaceFootprints.place_footprints 121:getting a list of all footprints on board
03-08 14:36:06 com_github_MitjaNemec_PlaceFootprints.place_footprints 156:Footprint C23 on root level
03-08 14:36:06 com_github_MitjaNemec_PlaceFootprints.place_footprints 156:Footprint F1 on root level
03-08 14:36:06 com_github_MitjaNemec_PlaceFootprints.place_footprints 156:Footprint D3 on root level
03-08 14:36:06 com_github_MitjaNemec_PlaceFootprints.place_footprints 156:Footprint Q1 on root level
03-08 14:36:06 com_github_MitjaNemec_PlaceFootprints.place_footprints 156:Footprint R6 on root level
03-08 14:36:06 com_github_MitjaNemec_PlaceFootprints.place_footprints 156:Footprint C14 on root level
03-08 14:36:06 com_github_MitjaNemec_PlaceFootprints.place_footprints 156:Footprint S16 on root level
03-08 14:36:06 com_github_MitjaNemec_PlaceFootprints.place_footprints 156:Footprint C2 on root level
03-08 14:36:06 com_github_MitjaNemec_PlaceFootprints.place_footprints 156:Footprint C5 on root level
03-08 14:36:06 com_github_MitjaNemec_PlaceFootprints.place_footprints 156:Footprint R2 on root level
03-08 14:36:06 com_github_MitjaNemec_PlaceFootprints.place_footprints 156:Footprint R5 on root level
03-08 14:36:06 com_github_MitjaNemec_PlaceFootprints.place_footprints 156:Footprint R13 on root level
03-08 14:36:06 com_github_MitjaNemec_PlaceFootprints.place_footprints 156:Footprint U3 on root level
03-08 14:36:06 com_github_MitjaNemec_PlaceFootprints.place_footprints 156:Footprint C18 on root level
03-08 14:36:06 com_github_MitjaNemec_PlaceFootprints.place_footprints 156:Footprint NRF1 on root level
03-08 14:36:06 com_github_MitjaNemec_PlaceFootprints.place_footprints 156:Footprint USBC1 on root level
03-08 14:36:06 com_github_MitjaNemec_PlaceFootprints.place_footprints 156:Footprint D1 on root level
03-08 14:36:06 com_github_MitjaNemec_PlaceFootprints.place_footprints 156:Footprint R1 on root level
03-08 14:36:06 com_github_MitjaNemec_PlaceFootprints.place_footprints 156:Footprint C17 on root level
03-08 14:36:06 com_github_MitjaNemec_PlaceFootprints.place_footprints 156:Footprint R8 on root level
03-08 14:36:06 com_github_MitjaNemec_PlaceFootprints.place_footprints 156:Footprint C1 on root level
03-08 14:36:06 com_github_MitjaNemec_PlaceFootprints.place_footprints 156:Footprint C16 on root level
03-08 14:36:06 com_github_MitjaNemec_PlaceFootprints.place_footprints 156:Footprint Q2 on root level
03-08 14:36:06 com_github_MitjaNemec_PlaceFootprints.place_footprints 156:Footprint L3 on root level
03-08 14:36:06 com_github_MitjaNemec_PlaceFootprints.place_footprints 156:Footprint SW1 on root level
03-08 14:36:06 com_github_MitjaNemec_PlaceFootprints.place_footprints 156:Footprint C12 on root level
03-08 14:36:06 com_github_MitjaNemec_PlaceFootprints.place_footprints 156:Footprint C4 on root level
03-08 14:36:06 com_github_MitjaNemec_PlaceFootprints.place_footprints 156:Footprint X2 on root level
03-08 14:36:06 com_github_MitjaNemec_PlaceFootprints.place_footprints 156:Footprint D2 on root level
03-08 14:36:06 com_github_MitjaNemec_PlaceFootprints.place_footprints 156:Footprint C11 on root level
03-08 14:36:06 com_github_MitjaNemec_PlaceFootprints.place_footprints 156:Footprint L1 on root level
03-08 14:36:06 com_github_MitjaNemec_PlaceFootprints.place_footprints 156:Footprint C13 on root level
03-08 14:36:06 com_github_MitjaNemec_PlaceFootprints.place_footprints 156:Footprint C6 on root level
03-08 14:36:06 com_github_MitjaNemec_PlaceFootprints.place_footprints 156:Footprint X1 on root level
03-08 14:36:06 com_github_MitjaNemec_PlaceFootprints.place_footprints 156:Footprint S19 on root level
03-08 14:36:06 com_github_MitjaNemec_PlaceFootprints.place_footprints 156:Footprint C20 on root level
03-08 14:36:06 com_github_MitjaNemec_PlaceFootprints.place_footprints 156:Footprint R12 on root level
03-08 14:36:06 com_github_MitjaNemec_PlaceFootprints.place_footprints 156:Footprint C19 on root level
03-08 14:36:06 com_github_MitjaNemec_PlaceFootprints.place_footprints 156:Footprint R9 on root level
03-08 14:36:06 com_github_MitjaNemec_PlaceFootprints.place_footprints 156:Footprint U4 on root level
03-08 14:36:06 com_github_MitjaNemec_PlaceFootprints.place_footprints 156:Footprint L2 on root level
03-08 14:36:06 com_github_MitjaNemec_PlaceFootprints.place_footprints 156:Footprint S17 on root level
03-08 14:36:06 com_github_MitjaNemec_PlaceFootprints.place_footprints 156:Footprint C7 on root level
03-08 14:36:06 com_github_MitjaNemec_PlaceFootprints.place_footprints 156:Footprint C26 on root level
03-08 14:36:06 com_github_MitjaNemec_PlaceFootprints.place_footprints 156:Footprint C21 on root level
03-08 14:36:06 com_github_MitjaNemec_PlaceFootprints.place_footprints 156:Footprint R10 on root level
03-08 14:36:06 com_github_MitjaNemec_PlaceFootprints.place_footprints 156:Footprint C3 on root level
03-08 14:36:06 com_github_MitjaNemec_PlaceFootprints.place_footprints 156:Footprint R14 on root level
03-08 14:36:06 com_github_MitjaNemec_PlaceFootprints.place_footprints 156:Footprint C10 on root level
03-08 14:36:06 com_github_MitjaNemec_PlaceFootprints.place_footprints 156:Footprint U1 on root level
03-08 14:36:06 com_github_MitjaNemec_PlaceFootprints.place_footprints 156:Footprint C8 on root level
03-08 14:36:06 com_github_MitjaNemec_PlaceFootprints.place_footprints 156:Footprint R7 on root level
03-08 14:36:06 com_github_MitjaNemec_PlaceFootprints.place_footprints 156:Footprint C9 on root level
03-08 14:36:06 com_github_MitjaNemec_PlaceFootprints.place_footprints 156:Footprint C25 on root level
03-08 14:36:06 com_github_MitjaNemec_PlaceFootprints.place_footprints 156:Footprint R4 on root level
03-08 14:36:06 com_github_MitjaNemec_PlaceFootprints.place_footprints 156:Footprint R3 on root level
03-08 14:36:06 com_github_MitjaNemec_PlaceFootprints.place_footprints 156:Footprint S20 on root level
03-08 14:36:06 com_github_MitjaNemec_PlaceFootprints.place_footprints 156:Footprint C22 on root level
03-08 14:36:06 com_github_MitjaNemec_PlaceFootprints.place_footprints 156:Footprint C24 on root level
03-08 14:36:06 com_github_MitjaNemec_PlaceFootprints.place_footprints 156:Footprint C15 on root level
03-08 14:36:06 com_github_MitjaNemec_PlaceFootprints.place_footprints 156:Footprint S18 on root level
03-08 14:36:06 com_github_MitjaNemec_PlaceFootprints.place_footprints 156:Footprint S15 on root level
03-08 14:36:06 com_github_MitjaNemec_PlaceFootprints.place_footprints 156:Footprint S14 on root level
03-08 14:36:06 com_github_MitjaNemec_PlaceFootprints.place_footprints 156:Footprint S13 on root level
03-08 14:36:06 com_github_MitjaNemec_PlaceFootprints.place_footprints 156:Footprint S12 on root level
03-08 14:36:06 com_github_MitjaNemec_PlaceFootprints.place_footprints 156:Footprint S11 on root level
03-08 14:36:06 com_github_MitjaNemec_PlaceFootprints.place_footprints 156:Footprint S10 on root level
03-08 14:36:06 com_github_MitjaNemec_PlaceFootprints.place_footprints 156:Footprint S9 on root level
03-08 14:36:06 com_github_MitjaNemec_PlaceFootprints.place_footprints 156:Footprint S8 on root level
03-08 14:36:06 com_github_MitjaNemec_PlaceFootprints.place_footprints 156:Footprint S7 on root level
03-08 14:36:06 com_github_MitjaNemec_PlaceFootprints.place_footprints 156:Footprint S6 on root level
03-08 14:36:06 com_github_MitjaNemec_PlaceFootprints.place_footprints 156:Footprint S5 on root level
03-08 14:36:06 com_github_MitjaNemec_PlaceFootprints.place_footprints 156:Footprint S4 on root level
03-08 14:36:06 com_github_MitjaNemec_PlaceFootprints.place_footprints 156:Footprint S3 on root level
03-08 14:36:06 com_github_MitjaNemec_PlaceFootprints.place_footprints 156:Footprint S2 on root level
03-08 14:36:06 com_github_MitjaNemec_PlaceFootprints.place_footprints 156:Footprint S1 on root level
03-08 14:36:06 com_github_MitjaNemec_PlaceFootprints.place_footprints 156:Footprint D6 on root level
03-08 14:36:06 com_github_MitjaNemec_PlaceFootprints.place_footprints 156:Footprint D7 on root level
03-08 14:36:06 com_github_MitjaNemec_PlaceFootprints.place_footprints 156:Footprint D8 on root level
03-08 14:36:06 com_github_MitjaNemec_PlaceFootprints.place_footprints 156:Footprint D11 on root level
03-08 14:36:06 com_github_MitjaNemec_PlaceFootprints.place_footprints 156:Footprint D12 on root level
03-08 14:36:06 com_github_MitjaNemec_PlaceFootprints.place_footprints 156:Footprint D13 on root level
03-08 14:36:06 com_github_MitjaNemec_PlaceFootprints.place_footprints 156:Footprint D16 on root level
03-08 14:36:06 com_github_MitjaNemec_PlaceFootprints.place_footprints 156:Footprint D17 on root level
03-08 14:36:06 com_github_MitjaNemec_PlaceFootprints.place_footprints 156:Footprint D18 on root level
03-08 14:36:06 com_github_MitjaNemec_PlaceFootprints.place_footprints 156:Footprint D21 on root level
03-08 14:36:06 com_github_MitjaNemec_PlaceFootprints.place_footprints 156:Footprint D22 on root level
03-08 14:36:06 com_github_MitjaNemec_PlaceFootprints.place_footprints 156:Footprint LED19 on root level
03-08 14:36:06 com_github_MitjaNemec_PlaceFootprints.place_footprints 156:Footprint LED20 on root level
03-08 14:36:06 com_github_MitjaNemec_PlaceFootprints.place_footprints 156:Footprint R11 on root level
03-08 14:36:06 com_github_MitjaNemec_PlaceFootprints.place_footprints 156:Footprint U5 on root level
03-08 14:36:06 com_github_MitjaNemec_PlaceFootprints.place_footprints 156:Footprint U6 on root level
03-08 14:36:06 com_github_MitjaNemec_PlaceFootprints.place_footprints 156:Footprint U7 on root level
03-08 14:36:06 com_github_MitjaNemec_PlaceFootprints.place_footprints 156:Footprint LED18 on root level
03-08 14:36:06 com_github_MitjaNemec_PlaceFootprints.place_footprints 156:Footprint LED12 on root level
03-08 14:36:06 com_github_MitjaNemec_PlaceFootprints.place_footprints 156:Footprint LED6 on root level
03-08 14:36:06 com_github_MitjaNemec_PlaceFootprints.place_footprints 156:Footprint D19 on root level
03-08 14:36:06 com_github_MitjaNemec_PlaceFootprints.place_footprints 156:Footprint D9 on root level
03-08 14:36:06 com_github_MitjaNemec_PlaceFootprints.place_footprints 156:Footprint D10 on root level
03-08 14:36:06 com_github_MitjaNemec_PlaceFootprints.place_footprints 156:Footprint D14 on root level
03-08 14:36:06 com_github_MitjaNemec_PlaceFootprints.place_footprints 156:Footprint D5 on root level
03-08 14:36:06 com_github_MitjaNemec_PlaceFootprints.place_footprints 156:Footprint D15 on root level
03-08 14:36:06 com_github_MitjaNemec_PlaceFootprints.place_footprints 156:Footprint D20 on root level
03-08 14:36:06 com_github_MitjaNemec_PlaceFootprints.place_footprints 156:Footprint D4 on root level
03-08 14:36:06 com_github_MitjaNemec_PlaceFootprints.place_footprints 156:Footprint LED15 on root level
03-08 14:36:06 com_github_MitjaNemec_PlaceFootprints.place_footprints 156:Footprint LED16 on root level
03-08 14:36:06 com_github_MitjaNemec_PlaceFootprints.place_footprints 156:Footprint LED17 on root level
03-08 14:36:06 com_github_MitjaNemec_PlaceFootprints.place_footprints 156:Footprint LED14 on root level
03-08 14:36:06 com_github_MitjaNemec_PlaceFootprints.place_footprints 156:Footprint LED4 on root level
03-08 14:36:06 com_github_MitjaNemec_PlaceFootprints.place_footprints 156:Footprint LED10 on root level
03-08 14:36:06 com_github_MitjaNemec_PlaceFootprints.place_footprints 156:Footprint LED5 on root level
03-08 14:36:06 com_github_MitjaNemec_PlaceFootprints.place_footprints 156:Footprint LED11 on root level
03-08 14:36:06 com_github_MitjaNemec_PlaceFootprints.place_footprints 156:Footprint LED8 on root level
03-08 14:36:06 com_github_MitjaNemec_PlaceFootprints.place_footprints 156:Footprint LED9 on root level
03-08 14:36:06 com_github_MitjaNemec_PlaceFootprints.place_footprints 156:Footprint LED13 on root level
03-08 14:36:06 com_github_MitjaNemec_PlaceFootprints.place_footprints 156:Footprint LED7 on root level
03-08 14:36:06 com_github_MitjaNemec_PlaceFootprints.place_footprints 156:Footprint LED1 on root level
03-08 14:36:06 com_github_MitjaNemec_PlaceFootprints.place_footprints 156:Footprint LED3 on root level
03-08 14:36:06 com_github_MitjaNemec_PlaceFootprints.place_footprints 156:Footprint LED2 on root level
03-08 14:36:06 com_github_MitjaNemec_PlaceFootprints.action_place_footprints 717:Reference footprint='LED1'
03-08 14:36:07 com_github_MitjaNemec_PlaceFootprints.action_place_footprints 858:Reference designator is: LED
03-08 14:36:07 com_github_MitjaNemec_PlaceFootprints.action_place_footprints 859:Reference number is: 1
03-08 14:36:07 com_github_MitjaNemec_PlaceFootprints.action_place_footprints 891:Sorted and filtered list:
['LED1', 'LED2', 'LED3', 'LED4', 'LED5', 'LED6', 'LED7', 'LED8', 'LED9', 'LED10', 'LED11', 'LED12', 'LED13', 'LED14', 'LED15', 'LED16', 'LED17', 'LED18', 'LED19', 'LED20']
03-08 14:36:07 com_github_MitjaNemec_PlaceFootprints.action_place_footprints 376:wx.Colour(240, 240, 240, 255)
03-08 14:36:20 com_github_MitjaNemec_PlaceFootprints.action_place_footprints 507:'18.62'
03-08 14:36:20 com_github_MitjaNemec_PlaceFootprints.action_place_footprints 566:Preparing config for reference matrix
03-08 14:36:20 com_github_MitjaNemec_PlaceFootprints.action_place_footprints 573:Saving config file
03-08 14:36:20 com_github_MitjaNemec_PlaceFootprints.action_place_footprints 575:Saved the config file
03-08 14:36:20 com_github_MitjaNemec_PlaceFootprints.action_place_footprints 929:Footprints to place:
['LED1', 'LED2', 'LED3', 'LED4', 'LED5', 'LED6', 'LED7', 'LED8', 'LED9', 'LED10', 'LED11', 'LED12', 'LED13', 'LED14', 'LED15', 'LED16', 'LED17', 'LED18', 'LED19', 'LED20']
03-08 14:36:20 com_github_MitjaNemec_PlaceFootprints.place_footprints 427:Starting placing with matrix layout
03-08 14:36:20 com_github_MitjaNemec_PlaceFootprints.action_place_footprints 999:Placing complete
